<?xml version="1.0" encoding="UTF-8"?>
<!-- Generated by org.testng.reporters.JUnitReportReporter -->
<testsuite hostname="HPNotebook" failures="0" tests="1" name="com.intBankingV1.testCases.TC_AddCustomerTest_003" time="0.026" errors="1" timestamp="14 Oct 2021 17:35:18 GMT">
  <testcase classname="com.intBankingV1.testCases.TC_AddCustomerTest_003" name="addNewCustomer" time="0.026">
    <error message="Unresolved compilation problems: 
	d cannot be resolved to a variable
	username cannot be resolved to a variable
	logger cannot be resolved
	password cannot be resolved to a variable
	logger cannot be resolved
	d cannot be resolved to a variable
	logger cannot be resolved
	The method randomString() is undefined for the type TC_AddCustomerTest_003
	logger cannot be resolved
	The method getPageSource() is undefined for the type WebElement
	logger cannot be resolved
	logger cannot be resolved
	The method captureScreen(WebElement, String) is undefined for the type TC_AddCustomerTest_003
" type="java.lang.Error">
      <![CDATA[java.lang.Error: Unresolved compilation problems: 
	d cannot be resolved to a variable
	username cannot be resolved to a variable
	logger cannot be resolved
	password cannot be resolved to a variable
	logger cannot be resolved
	d cannot be resolved to a variable
	logger cannot be resolved
	The method randomString() is undefined for the type TC_AddCustomerTest_003
	logger cannot be resolved
	The method getPageSource() is undefined for the type WebElement
	logger cannot be resolved
	logger cannot be resolved
	The method captureScreen(WebElement, String) is undefined for the type TC_AddCustomerTest_003

	at com.intBankingV1.testCases.TC_AddCustomerTest_003.addNewCustomer(TC_AddCustomerTest_003.java:18)
	at java.base/jdk.internal.reflect.NativeMethodAccessorImpl.invoke0(Native Method)
	at java.base/jdk.internal.reflect.NativeMethodAccessorImpl.invoke(NativeMethodAccessorImpl.java:78)
	at java.base/jdk.internal.reflect.DelegatingMethodAccessorImpl.invoke(DelegatingMethodAccessorImpl.java:43)
	at java.base/java.lang.reflect.Method.invoke(Method.java:567)
	at org.testng.internal.MethodInvocationHelper.invokeMethod(MethodInvocationHelper.java:85)
	at org.testng.internal.Invoker.invokeMethod(Invoker.java:659)
	at org.testng.internal.Invoker.invokeTestMethod(Invoker.java:845)
	at org.testng.internal.Invoker.invokeTestMethods(Invoker.java:1153)
	at org.testng.internal.TestMethodWorker.invokeTestMethods(TestMethodWorker.java:125)
	at org.testng.internal.TestMethodWorker.run(TestMethodWorker.java:108)
	at org.testng.TestRunner.privateRun(TestRunner.java:771)
	at org.testng.TestRunner.run(TestRunner.java:621)
	at org.testng.SuiteRunner.runTest(SuiteRunner.java:357)
	at org.testng.SuiteRunner.runSequentially(SuiteRunner.java:352)
	at org.testng.SuiteRunner.privateRun(SuiteRunner.java:310)
	at org.testng.SuiteRunner.run(SuiteRunner.java:259)
	at org.testng.SuiteRunnerWorker.runSuite(SuiteRunnerWorker.java:52)
	at org.testng.SuiteRunnerWorker.run(SuiteRunnerWorker.java:86)
	at org.testng.TestNG.runSuitesSequentially(TestNG.java:1199)
	at org.testng.TestNG.runSuitesLocally(TestNG.java:1124)
	at org.testng.TestNG.run(TestNG.java:1032)
	at org.testng.remote.AbstractRemoteTestNG.run(AbstractRemoteTestNG.java:115)
	at org.testng.remote.RemoteTestNG.initAndRun(RemoteTestNG.java:251)
	at org.testng.remote.RemoteTestNG.main(RemoteTestNG.java:77)
]]>
    </error>
  </testcase> <!-- addNewCustomer -->
</testsuite> <!-- com.intBankingV1.testCases.TC_AddCustomerTest_003 -->
